1588354421262 1 true
1588354421623 1 false
1588354421998 1 true
1588354422358 1 true
1588354442422 1 true
1588354442695 1 false
1588354442991 1 true
1588354446759 1 false
1588354447286 1 true
1588354447855 1 false
1588354448335 1 false
1588354448791 1 true
1588354449254 1 true
1588354449675 1 true
1588354450158 1 false
1588354450574 1 true
1588354451047 1 false
1588354451430 1 false
1588354451911 1 true
1588354452262 1 false
1588354452605 1 false
1588354452975 1 true
1588354453278 1 true
1588354453558 1 true
1588354453973 1 true
1588354454230 1 true
1588354454494 1 false
1588354454758 1 false
1588354455007 1 true
1588354455294 1 false
1588354455574 1 false
1588354455854 1 false
1588354456140 1 true
1588354456342 1 false
1588354456612 1 true
1588354456854 1 true
1588354457126 1 false
1588354457359 1 false
1588354457582 1 true
1588354457814 1 false
1588354458070 1 false
1588354458287 1 true
1588354458541 1 false
1588354459190 1 true
1588354459491 1 false
1588354459790 1 false
1588354460120 1 true
1588354460390 1 true
1588354460622 1 true
1588354460876 1 false
1588354461135 1 false
1588354461373 1 true
1588354461631 1 false
1588354461876 1 true